<?xml version="1.0" encoding="UTF-8"?>
<!-- Generated by org.testng.reporters.JUnitXMLReporter -->
<testsuite ignored="0" hostname="DESKTOP-FJF7J42" failures="1" tests="4" name="Surefire test" time="69.986" errors="0" timestamp="2021-03-28T15:20:04 IST">
  <testcase classname="Academy.HomePageTest" name="basePageNavigation" time="14.018"/>
  <testcase classname="Academy.HomePageTest" name="basePageNavigation" time="12.445"/>
  <testcase classname="Academy.ValidateNavigationBarTest" name="validateNavigationBar" time="0.189"/>
  <testcase classname="Academy.ValidateTitleTest" name="validateTitleText" time="0.089">
    <failure type="java.lang.AssertionError" message="expected [FEATURED COURSES123] but found [FEATURED COURSES]">
      <![CDATA[java.lang.AssertionError: expected [FEATURED COURSES123] but found [FEATURED COURSES]
at Academy.ValidateTitleTest.validateTitleText(ValidateTitleTest.java:45)
at java.base/java.util.ArrayList.forEach(ArrayList.java:1510)
... Removed 38 stack frames]]>
    </failure>
  </testcase> <!-- validateTitleText -->
</testsuite> <!-- Surefire test -->
