<?xml version="1.0" encoding="UTF-8"?>
<testng-results ignored="0" total="4" passed="3" failed="1" skipped="0">
  <reporter-output>
  </reporter-output>
  <suite started-at="2021-03-28T15:18:54 IST" name="Surefire suite" finished-at="2021-03-28T15:20:04 IST" duration-ms="69986">
    <groups>
    </groups>
    <test started-at="2021-03-28T15:18:54 IST" name="Surefire test" finished-at="2021-03-28T15:20:04 IST" duration-ms="69986">
      <class name="Academy.ValidateNavigationBarTest">
        <test-method is-config="true" signature="initialise()[pri:0, instance:Academy.ValidateNavigationBarTest@2421cc4]" started-at="2021-03-28T15:18:58 IST" name="initialise" finished-at="2021-03-28T15:19:09 IST" duration-ms="10850" status="PASS">
          <reporter-output>
          </reporter-output>
        </test-method> <!-- initialise -->
        <test-method signature="validateNavigationBar()[pri:0, instance:Academy.ValidateNavigationBarTest@2421cc4]" started-at="2021-03-28T15:19:43 IST" name="validateNavigationBar" finished-at="2021-03-28T15:19:43 IST" duration-ms="189" status="PASS">
          <reporter-output>
          </reporter-output>
        </test-method> <!-- validateNavigationBar -->
        <test-method is-config="true" signature="tearDown()[pri:0, instance:Academy.ValidateNavigationBarTest@2421cc4]" started-at="2021-03-28T15:20:02 IST" name="tearDown" finished-at="2021-03-28T15:20:03 IST" duration-ms="1700" status="PASS">
          <reporter-output>
          </reporter-output>
        </test-method> <!-- tearDown -->
      </class> <!-- Academy.ValidateNavigationBarTest -->
      <class name="Academy.ValidateTitleTest">
        <test-method is-config="true" signature="initialise()[pri:0, instance:Academy.ValidateTitleTest@30c93896]" started-at="2021-03-28T15:19:09 IST" name="initialise" finished-at="2021-03-28T15:19:17 IST" duration-ms="7847" status="PASS">
          <reporter-output>
          </reporter-output>
        </test-method> <!-- initialise -->
        <test-method signature="validateTitleText()[pri:0, instance:Academy.ValidateTitleTest@30c93896]" started-at="2021-03-28T15:19:43 IST" name="validateTitleText" finished-at="2021-03-28T15:19:44 IST" duration-ms="89" status="FAIL">
          <exception class="java.lang.AssertionError">
            <message>
              <![CDATA[expected [FEATURED COURSES123] but found [FEATURED COURSES]]]>
            </message>
            <full-stacktrace>
              <![CDATA[java.lang.AssertionError: expected [FEATURED COURSES123] but found [FEATURED COURSES]
at org.testng.Assert.fail(Assert.java:99)
at org.testng.Assert.failNotEquals(Assert.java:1037)
at org.testng.Assert.assertEqualsImpl(Assert.java:140)
at org.testng.Assert.assertEquals(Assert.java:122)
at org.testng.Assert.assertEquals(Assert.java:629)
at org.testng.Assert.assertEquals(Assert.java:639)
at Academy.ValidateTitleTest.validateTitleText(ValidateTitleTest.java:45)
at java.base/jdk.internal.reflect.NativeMethodAccessorImpl.invoke0(Native Method)
at java.base/jdk.internal.reflect.NativeMethodAccessorImpl.invoke(NativeMethodAccessorImpl.java:62)
at java.base/jdk.internal.reflect.DelegatingMethodAccessorImpl.invoke(DelegatingMethodAccessorImpl.java:43)
at java.base/java.lang.reflect.Method.invoke(Method.java:564)
at org.testng.internal.MethodInvocationHelper.invokeMethod(MethodInvocationHelper.java:133)
at org.testng.internal.TestInvoker.invokeMethod(TestInvoker.java:598)
at org.testng.internal.TestInvoker.invokeTestMethod(TestInvoker.java:173)
at org.testng.internal.MethodRunner.runInSequence(MethodRunner.java:46)
at org.testng.internal.TestInvoker$MethodInvocationAgent.invoke(TestInvoker.java:824)
at org.testng.internal.TestInvoker.invokeTestMethods(TestInvoker.java:146)
at org.testng.internal.TestMethodWorker.invokeTestMethods(TestMethodWorker.java:146)
at org.testng.internal.TestMethodWorker.run(TestMethodWorker.java:128)
at java.base/java.util.ArrayList.forEach(ArrayList.java:1510)
at org.testng.TestRunner.privateRun(TestRunner.java:794)
at org.testng.TestRunner.run(TestRunner.java:596)
at org.testng.SuiteRunner.runTest(SuiteRunner.java:377)
at org.testng.SuiteRunner.runSequentially(SuiteRunner.java:371)
at org.testng.SuiteRunner.privateRun(SuiteRunner.java:332)
at org.testng.SuiteRunner.run(SuiteRunner.java:276)
at org.testng.SuiteRunnerWorker.runSuite(SuiteRunnerWorker.java:53)
at org.testng.SuiteRunnerWorker.run(SuiteRunnerWorker.java:96)
at org.testng.TestNG.runSuitesSequentially(TestNG.java:1212)
at org.testng.TestNG.runSuitesLocally(TestNG.java:1134)
at org.testng.TestNG.runSuites(TestNG.java:1063)
at org.testng.TestNG.run(TestNG.java:1031)
at org.apache.maven.surefire.testng.TestNGExecutor.run(TestNGExecutor.java:135)
at org.apache.maven.surefire.testng.TestNGDirectoryTestSuite.executeMulti(TestNGDirectoryTestSuite.java:193)
at org.apache.maven.surefire.testng.TestNGDirectoryTestSuite.execute(TestNGDirectoryTestSuite.java:94)
at org.apache.maven.surefire.testng.TestNGProvider.invoke(TestNGProvider.java:146)
at org.apache.maven.surefire.booter.ForkedBooter.invokeProviderInSameClassLoader(ForkedBooter.java:384)
at org.apache.maven.surefire.booter.ForkedBooter.runSuitesInProcess(ForkedBooter.java:345)
at org.apache.maven.surefire.booter.ForkedBooter.execute(ForkedBooter.java:126)
at org.apache.maven.surefire.booter.ForkedBooter.main(ForkedBooter.java:418)
]]>
            </full-stacktrace>
          </exception> <!-- java.lang.AssertionError -->
          <reporter-output>
          </reporter-output>
        </test-method> <!-- validateTitleText -->
        <test-method is-config="true" signature="tearDown()[pri:0, instance:Academy.ValidateTitleTest@30c93896]" started-at="2021-03-28T15:20:03 IST" name="tearDown" finished-at="2021-03-28T15:20:04 IST" duration-ms="348" status="PASS">
          <reporter-output>
          </reporter-output>
        </test-method> <!-- tearDown -->
      </class> <!-- Academy.ValidateTitleTest -->
      <class name="Academy.HomePageTest">
        <test-method is-config="true" signature="initialise()[pri:0, instance:Academy.HomePageTest@68df9280]" started-at="2021-03-28T15:18:54 IST" name="initialise" finished-at="2021-03-28T15:18:58 IST" duration-ms="4277" status="PASS">
          <reporter-output>
          </reporter-output>
        </test-method> <!-- initialise -->
        <test-method signature="basePageNavigation(java.lang.String,java.lang.String,java.lang.String)[pri:0, instance:Academy.HomePageTest@68df9280]" started-at="2021-03-28T15:19:17 IST" name="basePageNavigation" data-provider="getData" finished-at="2021-03-28T15:19:31 IST" duration-ms="14018" status="PASS">
          <params>
            <param index="0">
              <value>
                <![CDATA[Vrushali@gmail.com]]>
              </value>
            </param>
            <param index="1">
              <value>
                <![CDATA[Vrushali]]>
              </value>
            </param>
            <param index="2">
              <value>
                <![CDATA[Restricted User]]>
              </value>
            </param>
          </params>
          <reporter-output>
          </reporter-output>
        </test-method> <!-- basePageNavigation -->
        <test-method signature="basePageNavigation(java.lang.String,java.lang.String,java.lang.String)[pri:0, instance:Academy.HomePageTest@68df9280]" started-at="2021-03-28T15:19:31 IST" name="basePageNavigation" data-provider="getData" finished-at="2021-03-28T15:19:43 IST" duration-ms="12445" status="PASS">
          <params>
            <param index="0">
              <value>
                <![CDATA[Vrushali1@gmail.com]]>
              </value>
            </param>
            <param index="1">
              <value>
                <![CDATA[Vrushali1]]>
              </value>
            </param>
            <param index="2">
              <value>
                <![CDATA[Non Restricted User]]>
              </value>
            </param>
          </params>
          <reporter-output>
          </reporter-output>
        </test-method> <!-- basePageNavigation -->
        <test-method is-config="true" signature="tearDown()[pri:0, instance:Academy.HomePageTest@68df9280]" started-at="2021-03-28T15:19:44 IST" name="tearDown" finished-at="2021-03-28T15:20:02 IST" duration-ms="18153" status="PASS">
          <reporter-output>
          </reporter-output>
        </test-method> <!-- tearDown -->
      </class> <!-- Academy.HomePageTest -->
    </test> <!-- Surefire test -->
  </suite> <!-- Surefire suite -->
</testng-results>
